<html>
<head>
<title>TestNG:  PWACarouselValidations</title>
<link href="../testng.css" rel="stylesheet" type="text/css" />
<link href="../my-testng.css" rel="stylesheet" type="text/css" />

<style type="text/css">
.log { display: none;} 
.stack-trace { display: none;} 
</style>
<script type="text/javascript">
<!--
function flip(e) {
  current = e.style.display;
  if (current == 'block') {
    e.style.display = 'none';
    return 0;
  }
  else {
    e.style.display = 'block';
    return 1;
  }
}

function toggleBox(szDivId, elem, msg1, msg2)
{
  var res = -1;  if (document.getElementById) {
    res = flip(document.getElementById(szDivId));
  }
  else if (document.all) {
    // this is the way old msie versions work
    res = flip(document.all[szDivId]);
  }
  if(elem) {
    if(res == 0) elem.innerHTML = msg1; else elem.innerHTML = msg2;
  }

}

function toggleAllBoxes() {
  if (document.getElementsByTagName) {
    d = document.getElementsByTagName('div');
    for (i = 0; i < d.length; i++) {
      if (d[i].className == 'log') {
        flip(d[i]);
      }
    }
  }
}

// -->
</script>

</head>
<body>
<h2 align='center'>PWACarouselValidations</h2><table border='1' align="center">
<tr>
<td>Tests passed/Failed/Skipped:</td><td>5/1/0</td>
</tr><tr>
<td>Started on:</td><td>Tue Apr 07 12:35:12 IST 2020</td>
</tr>
<tr><td>Total time:</td><td>453 seconds (453083 ms)</td>
</tr><tr>
<td>Included groups:</td><td></td>
</tr><tr>
<td>Excluded groups:</td><td></td>
</tr>
</table><p/>
<small><i>(Hover the method name to see the test class name)</i></small><p/>
<table width='100%' border='1' class='invocation-failed'>
<tr><td colspan='4' align='center'><b>FAILED TESTS</b></td></tr>
<tr><td><b>Test method</b></td>
<td width="30%"><b>Exception</b></td>
<td width="10%"><b>Time (seconds)</b></td>
<td><b>Instance</b></td>
</tr>
<tr>
<td title='com.zee5.PWAScripts.PWACarouselValidations.verifyMetadataOnCarousel()'><b>verifyMetadataOnCarousel</b><br>Test class: com.zee5.PWAScripts.PWACarouselValidations</td>
<td><div><pre>java.lang.AssertionError: The following asserts failed:
	Player control containing screen  is displayed expected [true] but found [false],
	Player control containing screen  is displayed expected [true] but found [false],
	Player control containing screen  is displayed expected [true] but found [false],
	Player control containing screen  is displayed expected [true] but found [false],
	Player control containing screen  is displayed expected [true] but found [false],
	Elementcarousel for :Shows  is not visible expected [true] but found [false]
	at com.utility.Utilities.verifyElementPresent(Utilities.java:206)
	at com.business.zee.Zee5PWABusinessLogic.verifyMetadataOnCarousel(Zee5PWABusinessLogic.java:3034)
	at com.zee5.PWAScripts.PWACarouselValidations.verifyMetadataOnCarousel(PWACarouselValidations.java:62)
... Removed 25 stack frames</pre></div><a href='#' onClick='toggleBox("stack-trace1215025252", this, "Click to show all stack frames", "Click to hide stack frames")'>Click to show all stack frames</a>
<div class='stack-trace' id='stack-trace1215025252'><pre>java.lang.AssertionError: The following asserts failed:
	Player control containing screen  is displayed expected [true] but found [false],
	Player control containing screen  is displayed expected [true] but found [false],
	Player control containing screen  is displayed expected [true] but found [false],
	Player control containing screen  is displayed expected [true] but found [false],
	Player control containing screen  is displayed expected [true] but found [false],
	Elementcarousel for :Shows  is not visible expected [true] but found [false]
	at org.testng.asserts.SoftAssert.assertAll(SoftAssert.java:43)
	at com.utility.Utilities.verifyElementPresent(Utilities.java:206)
	at com.business.zee.Zee5PWABusinessLogic.verifyMetadataOnCarousel(Zee5PWABusinessLogic.java:3034)
	at com.zee5.PWAScripts.PWACarouselValidations.verifyMetadataOnCarousel(PWACarouselValidations.java:62)
	at sun.reflect.NativeMethodAccessorImpl.invoke0(Native Method)
	at sun.reflect.NativeMethodAccessorImpl.invoke(NativeMethodAccessorImpl.java:62)
	at sun.reflect.DelegatingMethodAccessorImpl.invoke(DelegatingMethodAccessorImpl.java:43)
	at java.lang.reflect.Method.invoke(Method.java:498)
	at org.testng.internal.MethodInvocationHelper.invokeMethod(MethodInvocationHelper.java:86)
	at org.testng.internal.Invoker.invokeMethod(Invoker.java:643)
	at org.testng.internal.Invoker.invokeTestMethod(Invoker.java:820)
	at org.testng.internal.Invoker.invokeTestMethods(Invoker.java:1128)
	at org.testng.internal.TestMethodWorker.invokeTestMethods(TestMethodWorker.java:129)
	at org.testng.internal.TestMethodWorker.run(TestMethodWorker.java:112)
	at org.testng.TestRunner.privateRun(TestRunner.java:782)
	at org.testng.TestRunner.run(TestRunner.java:632)
	at org.testng.SuiteRunner.runTest(SuiteRunner.java:366)
	at org.testng.SuiteRunner.runSequentially(SuiteRunner.java:361)
	at org.testng.SuiteRunner.privateRun(SuiteRunner.java:319)
	at org.testng.SuiteRunner.run(SuiteRunner.java:268)
	at org.testng.SuiteRunnerWorker.runSuite(SuiteRunnerWorker.java:52)
	at org.testng.SuiteRunnerWorker.run(SuiteRunnerWorker.java:86)
	at org.testng.TestNG.runSuitesSequentially(TestNG.java:1244)
	at org.testng.TestNG.runSuitesLocally(TestNG.java:1169)
	at org.testng.TestNG.run(TestNG.java:1064)
	at org.testng.remote.AbstractRemoteTestNG.run(AbstractRemoteTestNG.java:115)
	at org.testng.remote.RemoteTestNG.initAndRun(RemoteTestNG.java:251)
	at org.testng.remote.RemoteTestNG.main(RemoteTestNG.java:77)
</pre></div></td>
<td>27</td>
<td>com.zee5.PWAScripts.PWACarouselValidations@dc24521</td></tr>
</table><p>
<table width='100%' border='1' class='invocation-passed'>
<tr><td colspan='4' align='center'><b>PASSED TESTS</b></td></tr>
<tr><td><b>Test method</b></td>
<td width="30%"><b>Exception</b></td>
<td width="10%"><b>Time (seconds)</b></td>
<td><b>Instance</b></td>
</tr>
<tr>
<td title='com.zee5.PWAScripts.PWACarouselValidations.appLaunch()'><b>appLaunch</b><br>Test class: com.zee5.PWAScripts.PWACarouselValidations</td>
<td></td>
<td>14</td>
<td>com.zee5.PWAScripts.PWACarouselValidations@dc24521</td></tr>
<tr>
<td title='com.zee5.PWAScripts.PWACarouselValidations.verifyAutoroatingFunct()'><b>verifyAutoroatingFunct</b><br>Test class: com.zee5.PWAScripts.PWACarouselValidations</td>
<td></td>
<td>103</td>
<td>com.zee5.PWAScripts.PWACarouselValidations@dc24521</td></tr>
<tr>
<td title='com.zee5.PWAScripts.PWACarouselValidations.verifyLaftAndRightFunct()'><b>verifyLaftAndRightFunct</b><br>Test class: com.zee5.PWAScripts.PWACarouselValidations</td>
<td></td>
<td>20</td>
<td>com.zee5.PWAScripts.PWACarouselValidations@dc24521</td></tr>
<tr>
<td title='com.zee5.PWAScripts.PWACarouselValidations.verifyPlayIconFunctionality()'><b>verifyPlayIconFunctionality</b><br>Test class: com.zee5.PWAScripts.PWACarouselValidations</td>
<td></td>
<td>128</td>
<td>com.zee5.PWAScripts.PWACarouselValidations@dc24521</td></tr>
<tr>
<td title='com.zee5.PWAScripts.PWACarouselValidations.verifyPremiumIcon()'><b>verifyPremiumIcon</b><br>Test class: com.zee5.PWAScripts.PWACarouselValidations</td>
<td></td>
<td>69</td>
<td>com.zee5.PWAScripts.PWACarouselValidations@dc24521</td></tr>
</table><p>
</body>
</html>